<?xml version="1.0" encoding="UTF-8"?>
<testng-results ignored="0" total="1" passed="1" failed="0" skipped="0">
  <reporter-output>
  </reporter-output>
  <suite started-at="2024-12-22T12:05:37 IST" name="Default suite" finished-at="2024-12-22T12:05:59 IST" duration-ms="22220">
    <groups>
    </groups>
    <test started-at="2024-12-22T12:05:37 IST" name="Default test" finished-at="2024-12-22T12:05:59 IST" duration-ms="22220">
      <class name="testCases.TC_003_CustomerList">
        <test-method is-config="true" signature="setUp()[pri:0, instance:testCases.TC_003_CustomerList@7530ad9c]" started-at="2024-12-22T12:05:37 IST" name="setUp" finished-at="2024-12-22T12:05:41 IST" duration-ms="3770" status="PASS">
          <reporter-output>
          </reporter-output>
        </test-method> <!-- setUp -->
        <test-method signature="readCustomerList()[pri:0, instance:testCases.TC_003_CustomerList@7530ad9c]" started-at="2024-12-22T12:05:41 IST" name="readCustomerList" finished-at="2024-12-22T12:05:59 IST" duration-ms="18092" status="PASS">
          <reporter-output>
          </reporter-output>
        </test-method> <!-- readCustomerList -->
        <test-method is-config="true" signature="tearDown()[pri:0, instance:testCases.TC_003_CustomerList@7530ad9c]" started-at="2024-12-22T12:05:59 IST" name="tearDown" finished-at="2024-12-22T12:05:59 IST" duration-ms="276" status="PASS">
          <reporter-output>
          </reporter-output>
        </test-method> <!-- tearDown -->
      </class> <!-- testCases.TC_003_CustomerList -->
    </test> <!-- Default test -->
  </suite> <!-- Default suite -->
</testng-results>
